2024-11-27 20:28:18,116 [INFO] Activator:177 - 


2024-11-27 20:28:18,118 [INFO] Activator:178 - !SESSION log4j initialized
2024-11-27 20:28:33,448 [INFO] McuFinderGlobals:39 - Set McuFinder mode to 2 (CubeIDE integrated)
2024-11-27 20:28:33,595 [INFO] ApplicationProperties:181 - Using Application install path: D:\STM32CubeIDE\STM32CubeIDE_1.7.0\STM32CubeIDE\plugins\com.st.stm32cube.common.mx_6.3.0.202107141111
2024-11-27 20:28:33,607 [INFO] DbMcusXml:74 - Set database path to: D:\STM32CubeIDE\STM32CubeIDE_1.7.0\STM32CubeIDE\plugins\com.st.stm32cube.common.mx_6.3.0.202107141111\\db\/mcu/
2024-11-27 20:28:33,611 [INFO] DbBoardsPdsc:56 - Set plugin database path to: D:\STM32CubeIDE\STM32CubeIDE_1.7.0\STM32CubeIDE\plugins\com.st.stm32cube.common.mx_6.3.0.202107141111\\db\/plugins/boardmanager/
2024-11-27 20:28:33,612 [INFO] DbMcus:258 - Set plugin images path to: D:\STM32CubeIDE\STM32CubeIDE_1.7.0\STM32CubeIDE\plugins\com.st.stm32cube.common.mx_6.3.0.202107141111\\db\/plugins/mcufinder/images/
2024-11-27 20:28:33,613 [INFO] DbBoards:264 - Set plugin images path to: D:\STM32CubeIDE\STM32CubeIDE_1.7.0\STM32CubeIDE\plugins\com.st.stm32cube.common.mx_6.3.0.202107141111\\db\/plugins/mcufinder/images/
2024-11-27 20:28:33,616 [INFO] DbExamples:333 - Set plugin images path to: D:\STM32CubeIDE\STM32CubeIDE_1.7.0\STM32CubeIDE\plugins\com.st.stm32cube.common.mx_6.3.0.202107141111\\db\/plugins/mcufinder/images/
2024-11-27 20:28:33,622 [INFO] DbMcusAds:119 - Set database path to: C:\Users\Administrator\.stmcufinder\plugins\mcufinder//mcu/
2024-11-27 20:28:33,623 [INFO] DbMcusDocs:110 - Set database path to: C:\Users\Administrator\.stmcufinder\plugins\mcufinder//mcu/
2024-11-27 20:28:33,625 [INFO] DbMcusJson:64 - Set database path to: C:\Users\Administrator\.stmcufinder\plugins\mcufinder//mcu/
2024-11-27 20:28:33,626 [INFO] DbBoardsDocs:110 - Set database path to: C:\Users\Administrator\.stmcufinder\plugins\mcufinder//mcu/
2024-11-27 20:28:33,627 [INFO] DbBoardsJson:57 - Set database path to: C:\Users\Administrator\.stmcufinder\plugins\mcufinder//mcu/
2024-11-27 20:28:33,634 [INFO] CrossReferenceDbSqlite:196 - Set database path to: C:\Users\Administrator\.stmcufinder\plugins\mcufinder//mcu/cs/
2024-11-27 20:28:33,638 [INFO] DbExamplesSqlite:767 - Set database path to: C:\Users\Administrator\.stmcufinder\plugins\mcufinder//mcu/
2024-11-27 20:28:33,765 [INFO] RulesReader:57 - Compatibility file has been processed (242 Rules)
2024-11-27 20:28:33,868 [INFO] DbMcusXml:74 - Set database path to: D:\STM32CubeIDE\STM32CubeIDE_1.7.0\STM32CubeIDE\plugins\com.st.stm32cube.common.mx_6.3.0.202107141111\\db\/mcu/
2024-11-27 20:28:33,869 [INFO] DbBoardsPdsc:56 - Set plugin database path to: D:\STM32CubeIDE\STM32CubeIDE_1.7.0\STM32CubeIDE\plugins\com.st.stm32cube.common.mx_6.3.0.202107141111\\db\/plugins/boardmanager/
2024-11-27 20:28:33,869 [INFO] DbMcus:258 - Set plugin images path to: D:\STM32CubeIDE\STM32CubeIDE_1.7.0\STM32CubeIDE\plugins\com.st.stm32cube.common.mx_6.3.0.202107141111\\db\/plugins/mcufinder/images/
2024-11-27 20:28:33,869 [INFO] DbBoards:264 - Set plugin images path to: D:\STM32CubeIDE\STM32CubeIDE_1.7.0\STM32CubeIDE\plugins\com.st.stm32cube.common.mx_6.3.0.202107141111\\db\/plugins/mcufinder/images/
2024-11-27 20:28:33,870 [INFO] DbExamples:333 - Set plugin images path to: D:\STM32CubeIDE\STM32CubeIDE_1.7.0\STM32CubeIDE\plugins\com.st.stm32cube.common.mx_6.3.0.202107141111\\db\/plugins/mcufinder/images/
2024-11-27 20:28:33,870 [WARN] DbFile:35 - Overriding database path with different value: C:\Users\Administrator\.stmcufinder\plugins\mcufinder/ => C:\Users\Administrator\.stmcufinder\plugins\mcufinder
2024-11-27 20:28:33,870 [INFO] DbMcusAds:119 - Set database path to: C:\Users\Administrator\.stmcufinder\plugins\mcufinder//mcu/
2024-11-27 20:28:33,870 [WARN] DbFile:35 - Overriding database path with different value: C:\Users\Administrator\.stmcufinder\plugins\mcufinder/ => C:\Users\Administrator\.stmcufinder\plugins\mcufinder
2024-11-27 20:28:33,870 [INFO] DbMcusDocs:110 - Set database path to: C:\Users\Administrator\.stmcufinder\plugins\mcufinder//mcu/
2024-11-27 20:28:33,871 [WARN] DbFile:35 - Overriding database path with different value: C:\Users\Administrator\.stmcufinder\plugins\mcufinder/ => C:\Users\Administrator\.stmcufinder\plugins\mcufinder
2024-11-27 20:28:33,871 [INFO] DbMcusJson:64 - Set database path to: C:\Users\Administrator\.stmcufinder\plugins\mcufinder//mcu/
2024-11-27 20:28:33,871 [WARN] DbFile:35 - Overriding database path with different value: C:\Users\Administrator\.stmcufinder\plugins\mcufinder/ => C:\Users\Administrator\.stmcufinder\plugins\mcufinder
2024-11-27 20:28:33,871 [INFO] DbBoardsDocs:110 - Set database path to: C:\Users\Administrator\.stmcufinder\plugins\mcufinder//mcu/
2024-11-27 20:28:33,871 [WARN] DbFile:35 - Overriding database path with different value: C:\Users\Administrator\.stmcufinder\plugins\mcufinder/ => C:\Users\Administrator\.stmcufinder\plugins\mcufinder
2024-11-27 20:28:33,871 [INFO] DbBoardsJson:57 - Set database path to: C:\Users\Administrator\.stmcufinder\plugins\mcufinder//mcu/
2024-11-27 20:28:33,872 [WARN] DbFile:35 - Overriding database path with different value: C:\Users\Administrator\.stmcufinder\plugins\mcufinder/ => C:\Users\Administrator\.stmcufinder\plugins\mcufinder
2024-11-27 20:28:33,872 [WARN] DbFile:35 - Overriding database path with different value: C:\Users\Administrator\.stmcufinder\plugins\mcufinder/ => C:\Users\Administrator\.stmcufinder\plugins\mcufinder
2024-11-27 20:28:33,872 [INFO] CrossReferenceDbSqlite:196 - Set database path to: C:\Users\Administrator\.stmcufinder\plugins\mcufinder//mcu/cs/
2024-11-27 20:28:33,872 [WARN] DbFile:35 - Overriding database path with different value: C:\Users\Administrator\.stmcufinder\plugins\mcufinder/ => C:\Users\Administrator\.stmcufinder\plugins\mcufinder
2024-11-27 20:28:33,872 [INFO] DbExamplesSqlite:767 - Set database path to: C:\Users\Administrator\.stmcufinder\plugins\mcufinder//mcu/
2024-11-27 20:28:33,948 [INFO] MainPanel:214 - HeapMemory: 268435456
2024-11-27 20:28:34,040 [INFO] DbMcusXml:74 - Set database path to: D:\STM32CubeIDE\STM32CubeIDE_1.7.0\STM32CubeIDE\plugins\com.st.stm32cube.common.mx_6.3.0.202107141111\\db\/mcu/
2024-11-27 20:28:34,041 [INFO] DbBoardsPdsc:56 - Set plugin database path to: D:\STM32CubeIDE\STM32CubeIDE_1.7.0\STM32CubeIDE\plugins\com.st.stm32cube.common.mx_6.3.0.202107141111\\db\/plugins/boardmanager/
2024-11-27 20:28:34,041 [INFO] DbMcus:258 - Set plugin images path to: D:\STM32CubeIDE\STM32CubeIDE_1.7.0\STM32CubeIDE\plugins\com.st.stm32cube.common.mx_6.3.0.202107141111\\db\/plugins/mcufinder/images/
2024-11-27 20:28:34,041 [INFO] DbBoards:264 - Set plugin images path to: D:\STM32CubeIDE\STM32CubeIDE_1.7.0\STM32CubeIDE\plugins\com.st.stm32cube.common.mx_6.3.0.202107141111\\db\/plugins/mcufinder/images/
2024-11-27 20:28:34,041 [INFO] DbExamples:333 - Set plugin images path to: D:\STM32CubeIDE\STM32CubeIDE_1.7.0\STM32CubeIDE\plugins\com.st.stm32cube.common.mx_6.3.0.202107141111\\db\/plugins/mcufinder/images/
2024-11-27 20:28:34,042 [WARN] DbFile:35 - Overriding database path with different value: C:\Users\Administrator\.stmcufinder\plugins\mcufinder/ => C:\Users\Administrator\.stmcufinder\plugins\mcufinder
2024-11-27 20:28:34,042 [INFO] DbMcusAds:119 - Set database path to: C:\Users\Administrator\.stmcufinder\plugins\mcufinder//mcu/
2024-11-27 20:28:34,042 [WARN] DbFile:35 - Overriding database path with different value: C:\Users\Administrator\.stmcufinder\plugins\mcufinder/ => C:\Users\Administrator\.stmcufinder\plugins\mcufinder
2024-11-27 20:28:34,042 [INFO] DbMcusDocs:110 - Set database path to: C:\Users\Administrator\.stmcufinder\plugins\mcufinder//mcu/
2024-11-27 20:28:34,042 [WARN] DbFile:35 - Overriding database path with different value: C:\Users\Administrator\.stmcufinder\plugins\mcufinder/ => C:\Users\Administrator\.stmcufinder\plugins\mcufinder
2024-11-27 20:28:34,042 [INFO] DbMcusJson:64 - Set database path to: C:\Users\Administrator\.stmcufinder\plugins\mcufinder//mcu/
2024-11-27 20:28:34,042 [WARN] DbFile:35 - Overriding database path with different value: C:\Users\Administrator\.stmcufinder\plugins\mcufinder/ => C:\Users\Administrator\.stmcufinder\plugins\mcufinder
2024-11-27 20:28:34,043 [INFO] DbBoardsDocs:110 - Set database path to: C:\Users\Administrator\.stmcufinder\plugins\mcufinder//mcu/
2024-11-27 20:28:34,043 [WARN] DbFile:35 - Overriding database path with different value: C:\Users\Administrator\.stmcufinder\plugins\mcufinder/ => C:\Users\Administrator\.stmcufinder\plugins\mcufinder
2024-11-27 20:28:34,043 [INFO] DbBoardsJson:57 - Set database path to: C:\Users\Administrator\.stmcufinder\plugins\mcufinder//mcu/
2024-11-27 20:28:34,043 [WARN] DbFile:35 - Overriding database path with different value: C:\Users\Administrator\.stmcufinder\plugins\mcufinder/ => C:\Users\Administrator\.stmcufinder\plugins\mcufinder
2024-11-27 20:28:34,043 [WARN] DbFile:35 - Overriding database path with different value: C:\Users\Administrator\.stmcufinder\plugins\mcufinder/ => C:\Users\Administrator\.stmcufinder\plugins\mcufinder
2024-11-27 20:28:34,044 [INFO] CrossReferenceDbSqlite:196 - Set database path to: C:\Users\Administrator\.stmcufinder\plugins\mcufinder//mcu/cs/
2024-11-27 20:28:34,044 [WARN] DbFile:35 - Overriding database path with different value: C:\Users\Administrator\.stmcufinder\plugins\mcufinder/ => C:\Users\Administrator\.stmcufinder\plugins\mcufinder
2024-11-27 20:28:34,044 [INFO] DbExamplesSqlite:767 - Set database path to: C:\Users\Administrator\.stmcufinder\plugins\mcufinder//mcu/
2024-11-27 20:28:34,066 [INFO] ApplicationProperties:181 - Using Application install path: D:\STM32CubeIDE\STM32CubeIDE_1.7.0\STM32CubeIDE\plugins\com.st.stm32cube.common.mx_6.3.0.202107141111
2024-11-27 20:28:34,068 [INFO] PluginManage:188 - Search for loadable plugins [exclusion list=, ]
2024-11-27 20:28:34,069 [INFO] PluginManage:302 - Check plugin analytics
2024-11-27 20:28:34,267 [INFO] AnalyticsPlugin:257 - Accepted Software Licenses: 
2024-11-27 20:28:34,268 [INFO] AnalyticsPlugin:259 - Accepted CMSIS Pack Licenses: 
2024-11-27 20:28:34,268 [INFO] AnalyticsPlugin:261 - Accepted Firmware Licenses: 
2024-11-27 20:28:34,268 [INFO] PluginManage:352 - Loaded plugin analytics (category:tool,tabindex:-1)
2024-11-27 20:28:34,269 [INFO] PluginManage:302 - Check plugin clock
2024-11-27 20:28:34,282 [INFO] PluginManage:352 - Loaded plugin clock (category:base,tabindex:2)
2024-11-27 20:28:34,282 [INFO] PluginManage:302 - Check plugin ddr
2024-11-27 20:28:34,285 [INFO] PluginManage:352 - Loaded plugin ddr (category:tool,tabindex:6)
2024-11-27 20:28:34,285 [INFO] PluginManage:302 - Check plugin filemanager
2024-11-27 20:28:34,486 [INFO] PluginManage:352 - Loaded plugin filemanager (category:base,tabindex:10)
2024-11-27 20:28:34,486 [INFO] PluginManage:302 - Check plugin ipmanager
2024-11-27 20:28:34,497 [INFO] PluginManage:352 - Loaded plugin ipmanager (category:base,tabindex:5)
2024-11-27 20:28:34,497 [INFO] PluginManage:302 - Check plugin pinoutandconfiguration
2024-11-27 20:28:34,508 [INFO] PluginManage:352 - Loaded plugin pinoutandconfiguration (category:base,tabindex:1)
2024-11-27 20:28:34,508 [INFO] PluginManage:302 - Check plugin pinoutconfig
2024-11-27 20:28:34,542 [INFO] PluginManage:352 - Loaded plugin pinoutconfig (category:base,tabindex:0)
2024-11-27 20:28:34,542 [INFO] PluginManage:302 - Check plugin power
2024-11-27 20:28:34,554 [INFO] PluginManage:352 - Loaded plugin power (category:power,tabindex:4)
2024-11-27 20:28:34,554 [INFO] PluginManage:302 - Check plugin projectmanager
2024-11-27 20:28:34,576 [INFO] PluginManage:352 - Loaded plugin projectmanager (category:projectmanager,tabindex:3)
2024-11-27 20:28:34,576 [INFO] PluginManage:302 - Check plugin thirdparty
2024-11-27 20:28:34,737 [WARN] IntegrityCheckThread:78 - waiting for thirdparty lock release [integrity check]
2024-11-27 20:28:34,737 [INFO] PluginManage:352 - Loaded plugin thirdparty (category:base,tabindex:-1)
2024-11-27 20:28:34,738 [INFO] IntegrityCheckThread:80 - entering critical section [integrity check]
2024-11-27 20:28:34,738 [INFO] PluginManage:302 - Check plugin tools
2024-11-27 20:28:34,738 [INFO] ThirdPartyUpdaterWithRetryManager:66 - Updater plugin not ready yet. [1/15]
2024-11-27 20:28:34,741 [INFO] PluginManage:352 - Loaded plugin tools (category:base,tabindex:7)
2024-11-27 20:28:34,741 [INFO] PluginManage:302 - Check plugin tutovideos
2024-11-27 20:28:34,985 [INFO] PluginManage:352 - Loaded plugin tutovideos (category:base,tabindex:-1)
2024-11-27 20:28:34,985 [INFO] PluginManage:302 - Check plugin updater
2024-11-27 20:28:34,999 [INFO] PluginManage:352 - Loaded plugin updater (category:base,tabindex:12)
2024-11-27 20:28:35,000 [INFO] PluginManage:275 - PluginManage : Loaded plugins [13]
2024-11-27 20:28:35,215 [INFO] PinOutPanel:1463 - setPackage(No Configuration,No Configuration)
2024-11-27 20:28:35,320 [INFO] IPUIPlugin:74 - create IPUIPlugin
2024-11-27 20:28:35,320 [INFO] PluginManager:213 - loadIPPluginJar : add adc
2024-11-27 20:28:35,323 [INFO] IPUIPlugin:74 - create IPUIPlugin
2024-11-27 20:28:35,324 [INFO] PluginManager:213 - loadIPPluginJar : add aes
2024-11-27 20:28:35,327 [INFO] IPUIPlugin:74 - create IPUIPlugin
2024-11-27 20:28:35,327 [INFO] PluginManager:213 - loadIPPluginJar : add can
2024-11-27 20:28:35,329 [INFO] IPUIPlugin:74 - create IPUIPlugin
2024-11-27 20:28:35,330 [INFO] PluginManager:213 - loadIPPluginJar : add comp
2024-11-27 20:28:35,333 [INFO] IPUIPlugin:74 - create IPUIPlugin
2024-11-27 20:28:35,333 [INFO] PluginManager:213 - loadIPPluginJar : add cryp
2024-11-27 20:28:35,336 [INFO] IPUIPlugin:74 - create IPUIPlugin
2024-11-27 20:28:35,337 [INFO] PluginManager:213 - loadIPPluginJar : add dfsdm
2024-11-27 20:28:35,344 [INFO] IPUIPlugin:74 - create IPUIPlugin
2024-11-27 20:28:35,345 [INFO] PluginManager:213 - loadIPPluginJar : add dma
2024-11-27 20:28:35,348 [INFO] IPUIPlugin:74 - create IPUIPlugin
2024-11-27 20:28:35,348 [INFO] PluginManager:213 - loadIPPluginJar : add dma3
2024-11-27 20:28:35,351 [INFO] IPUIPlugin:74 - create IPUIPlugin
2024-11-27 20:28:35,351 [INFO] PluginManager:213 - loadIPPluginJar : add fatfs
2024-11-27 20:28:35,356 [INFO] IPUIPlugin:74 - create IPUIPlugin
2024-11-27 20:28:35,357 [INFO] PluginManager:213 - loadIPPluginJar : add fmc
2024-11-27 20:28:35,363 [INFO] IPUIPlugin:74 - create IPUIPlugin
2024-11-27 20:28:35,364 [INFO] PluginManager:213 - loadIPPluginJar : add freertos
2024-11-27 20:28:35,366 [INFO] IPUIPlugin:74 - create IPUIPlugin
2024-11-27 20:28:35,366 [INFO] PluginManager:213 - loadIPPluginJar : add genericplugin
2024-11-27 20:28:35,370 [INFO] IPUIPlugin:74 - create IPUIPlugin
2024-11-27 20:28:35,370 [INFO] PluginManager:213 - loadIPPluginJar : add gfxmmu
2024-11-27 20:28:35,377 [INFO] IPUIPlugin:74 - create IPUIPlugin
2024-11-27 20:28:35,377 [INFO] PluginManager:213 - loadIPPluginJar : add gic
2024-11-27 20:28:35,382 [INFO] IPUIPlugin:74 - create IPUIPlugin
2024-11-27 20:28:35,383 [INFO] PluginManager:213 - loadIPPluginJar : add gpio
2024-11-27 20:28:35,386 [INFO] IPUIPlugin:74 - create IPUIPlugin
2024-11-27 20:28:35,386 [INFO] PluginManager:213 - loadIPPluginJar : add gtzc
2024-11-27 20:28:35,389 [INFO] IPUIPlugin:74 - create IPUIPlugin
2024-11-27 20:28:35,390 [INFO] PluginManager:213 - loadIPPluginJar : add hash
2024-11-27 20:28:35,393 [INFO] IPUIPlugin:74 - create IPUIPlugin
2024-11-27 20:28:35,393 [INFO] PluginManager:213 - loadIPPluginJar : add i2c
2024-11-27 20:28:35,396 [INFO] IPUIPlugin:74 - create IPUIPlugin
2024-11-27 20:28:35,397 [INFO] PluginManager:213 - loadIPPluginJar : add i2s
2024-11-27 20:28:35,400 [INFO] IPUIPlugin:74 - create IPUIPlugin
2024-11-27 20:28:35,400 [INFO] PluginManager:213 - loadIPPluginJar : add ipddr
2024-11-27 20:28:35,409 [INFO] IPUIPlugin:74 - create IPUIPlugin
2024-11-27 20:28:35,409 [INFO] PluginManager:213 - loadIPPluginJar : add linkedlist
2024-11-27 20:28:35,412 [INFO] IPUIPlugin:74 - create IPUIPlugin
2024-11-27 20:28:35,413 [INFO] PluginManager:213 - loadIPPluginJar : add lorawan
2024-11-27 20:28:35,414 [INFO] IPUIPlugin:74 - create IPUIPlugin
2024-11-27 20:28:35,415 [INFO] PluginManager:213 - loadIPPluginJar : add ltdc
2024-11-27 20:28:35,420 [INFO] IPUIPlugin:74 - create IPUIPlugin
2024-11-27 20:28:35,420 [INFO] PluginManager:213 - loadIPPluginJar : add mdma
2024-11-27 20:28:35,425 [INFO] IPUIPlugin:74 - create IPUIPlugin
2024-11-27 20:28:35,425 [INFO] PluginManager:213 - loadIPPluginJar : add nvic
2024-11-27 20:28:35,428 [INFO] IPUIPlugin:74 - create IPUIPlugin
2024-11-27 20:28:35,429 [INFO] PluginManager:213 - loadIPPluginJar : add opamp
2024-11-27 20:28:35,432 [INFO] IPUIPlugin:74 - create IPUIPlugin
2024-11-27 20:28:35,432 [INFO] PluginManager:213 - loadIPPluginJar : add openamp
2024-11-27 20:28:35,436 [INFO] IPUIPlugin:74 - create IPUIPlugin
2024-11-27 20:28:35,437 [INFO] PluginManager:213 - loadIPPluginJar : add pdm2pcm
2024-11-27 20:28:35,445 [INFO] IPUIPlugin:74 - create IPUIPlugin
2024-11-27 20:28:35,449 [INFO] PluginManager:213 - loadIPPluginJar : add plateformsettings
2024-11-27 20:28:35,451 [INFO] IPUIPlugin:74 - create IPUIPlugin
2024-11-27 20:28:35,451 [INFO] PluginManager:213 - loadIPPluginJar : add quadspi
2024-11-27 20:28:35,455 [INFO] IPUIPlugin:74 - create IPUIPlugin
2024-11-27 20:28:35,455 [INFO] PluginManager:213 - loadIPPluginJar : add resmgrutility
2024-11-27 20:28:35,459 [INFO] IPUIPlugin:74 - create IPUIPlugin
2024-11-27 20:28:35,459 [INFO] PluginManager:213 - loadIPPluginJar : add sai
2024-11-27 20:28:35,462 [INFO] IPUIPlugin:74 - create IPUIPlugin
2024-11-27 20:28:35,462 [INFO] PluginManager:213 - loadIPPluginJar : add spi
2024-11-27 20:28:35,467 [INFO] IPUIPlugin:74 - create IPUIPlugin
2024-11-27 20:28:35,468 [INFO] PluginManager:213 - loadIPPluginJar : add stm32_wpan
2024-11-27 20:28:35,470 [INFO] IPUIPlugin:74 - create IPUIPlugin
2024-11-27 20:28:35,471 [INFO] PluginManager:213 - loadIPPluginJar : add tim
2024-11-27 20:28:35,474 [INFO] IPUIPlugin:74 - create IPUIPlugin
2024-11-27 20:28:35,475 [INFO] PluginManager:213 - loadIPPluginJar : add touchsensing
2024-11-27 20:28:35,477 [INFO] IPUIPlugin:74 - create IPUIPlugin
2024-11-27 20:28:35,478 [INFO] PluginManager:213 - loadIPPluginJar : add tracer_emb
2024-11-27 20:28:35,480 [INFO] IPUIPlugin:74 - create IPUIPlugin
2024-11-27 20:28:35,480 [INFO] PluginManager:213 - loadIPPluginJar : add ts
2024-11-27 20:28:35,482 [INFO] IPUIPlugin:74 - create IPUIPlugin
2024-11-27 20:28:35,483 [INFO] PluginManager:213 - loadIPPluginJar : add tsc
2024-11-27 20:28:35,485 [INFO] IPUIPlugin:74 - create IPUIPlugin
2024-11-27 20:28:35,486 [INFO] PluginManager:213 - loadIPPluginJar : add ucpd
2024-11-27 20:28:35,489 [INFO] IPUIPlugin:74 - create IPUIPlugin
2024-11-27 20:28:35,489 [INFO] PluginManager:213 - loadIPPluginJar : add usart
2024-11-27 20:28:35,493 [INFO] IPUIPlugin:74 - create IPUIPlugin
2024-11-27 20:28:35,493 [INFO] PluginManager:213 - loadIPPluginJar : add usbx
2024-11-27 20:28:35,858 [FATAL] Updater:294 - Updater called before beeing initialized
2024-11-27 20:28:35,985 [FATAL] Updater:294 - Updater called before beeing initialized
2024-11-27 20:28:35,991 [INFO] DbMcusAds:47 - JSON generation date=Fri Sep 20 20:04:38 ICT 2024 (1726837478367)
2024-11-27 20:28:35,991 [FATAL] Updater:294 - Updater called before beeing initialized
2024-11-27 20:28:36,040 [WARN] DetailPanel:314 - Failed to get advertising image, set to default
2024-11-27 20:28:36,176 [FATAL] Updater:294 - Updater called before beeing initialized
2024-11-27 20:28:36,178 [FATAL] Updater:294 - Updater called before beeing initialized
2024-11-27 20:28:36,178 [FATAL] Updater:294 - Updater called before beeing initialized
2024-11-27 20:28:36,179 [WARN] DetailPanel:314 - Failed to get advertising image, set to default
2024-11-27 20:28:36,180 [FATAL] Updater:294 - Updater called before beeing initialized
2024-11-27 20:28:36,251 [ERROR] Updater:1075 - MainUpdater not yet initialized. External WinMGr cannot be set.
2024-11-27 20:28:36,254 [INFO] Updater:1012 - Updater Version found : 6.3.0
2024-11-27 20:28:36,275 [INFO] ApplicationProperties:181 - Using Application install path: D:\STM32CubeIDE\STM32CubeIDE_1.7.0\STM32CubeIDE\plugins\com.st.stm32cube.common.mx_6.3.0.202107141111
2024-11-27 20:28:36,557 [INFO] MainUpdater:2671 - connection check result : 10
2024-11-27 20:28:36,559 [INFO] MainUpdater:265 - Updater Check For Update Now.
2024-11-27 20:28:36,560 [INFO] MicroXplorer:478 - Change Database Version : DB.6.0.30
2024-11-27 20:28:36,832 [INFO] CheckServerUpdateThread:112 - End of CheckServer Thread
2024-11-27 20:28:36,904 [INFO] MainUpdater:2671 - connection check result : 10
2024-11-27 20:28:37,263 [INFO] McuFinderGlobals:52 - Set McuFinderConnectedMode to false
2024-11-27 20:28:37,397 [INFO] CrossSelectorPresenter:1330 - Cross Selector saved comparison directory: C:\Users\Administrator\.stmcufinder\plugins\mcufinder\mcu\cs_comparisons_mx
2024-11-27 20:28:37,404 [INFO] MultiScanPanel:197 - Auto-refresh data requested => check proxy status ongoing
2024-11-27 20:28:37,404 [INFO] MultiScanPanel:201 - Proxy status is invalid
2024-11-27 20:28:37,409 [INFO] FinderPluginLoader:87 - Searching for filters in installed packs
2024-11-27 20:28:37,410 [INFO] DbMcusXml:100 - Load MCU database from D:\STM32CubeIDE\STM32CubeIDE_1.7.0\STM32CubeIDE\plugins\com.st.stm32cube.common.mx_6.3.0.202107141111\\db\/mcu/families.xml
2024-11-27 20:28:38,210 [ERROR] Engine:463 - C:\Users\Administrator\.stm32cubemx\thirdparties\pdsc\STMicroelectronics.FP-SNS-MOTENVWB1.1.4.0.pdsc: PDSC version is not supported
2024-11-27 20:28:38,259 [WARN] PackLoader:238 - Cannot read IP mode file for STMicroelectronics.FP-ATR-ASTRA1.2.0.1
2024-11-27 20:28:38,277 [ERROR] Engine:463 - C:\Users\Administrator\.stm32cubemx\thirdparties\pdsc\STMicroelectronics.X-CUBE-SMBUS.2.1.0.pdsc: PDSC version is not supported
2024-11-27 20:28:38,293 [WARN] PackLoader:238 - Cannot read IP mode file for STMicroelectronics.X-CUBE-WB05N.1.1.0
2024-11-27 20:28:38,414 [WARN] PackLoader:238 - Cannot read IP mode file for STMicroelectronics.X-CUBE-AZRTOS-F7.1.1.0
2024-11-27 20:28:38,587 [WARN] PackLoader:238 - Cannot read IP mode file for STMicroelectronics.X-CUBE-MEMS1.11.0.0
2024-11-27 20:28:39,082 [ERROR] Engine:463 - C:\Users\Administrator\.stm32cubemx\thirdparties\pdsc\STMicroelectronics.FP-SNS-FLIGHT1.5.0.2.pdsc: PDSC version is not supported
2024-11-27 20:28:39,088 [ERROR] Engine:463 - C:\Users\Administrator\.stm32cubemx\thirdparties\pdsc\STMicroelectronics.X-CUBE-DISPLAY.3.0.0.pdsc: PDSC version is not supported
2024-11-27 20:28:39,091 [INFO] DbMcusJson:93 - JSON generation date=Tue Nov 16 23:17:54 ICT 2021 (1637079474)
2024-11-27 20:28:39,100 [WARN] PackLoader:238 - Cannot read IP mode file for STMicroelectronics.X-CUBE-BLE1.7.0.0
2024-11-27 20:28:39,122 [WARN] PackLoader:238 - Cannot read IP mode file for STMicroelectronics.X-CUBE-NFC10.1.0.0
2024-11-27 20:28:39,131 [ERROR] Engine:463 - C:\Users\Administrator\.stm32cubemx\thirdparties\pdsc\emotas.I-CUBE-CANOPEN.1.3.0.pdsc: PDSC version is not supported
2024-11-27 20:28:39,163 [ERROR] Engine:463 - C:\Users\Administrator\.stm32cubemx\thirdparties\pdsc\STMicroelectronics.X-CUBE-BLEMGR.3.1.0.pdsc: PDSC version is not supported
2024-11-27 20:28:39,167 [ERROR] Engine:463 - C:\Users\Administrator\.stm32cubemx\thirdparties\pdsc\STMicroelectronics.FP-SNS-SMARTAG2.1.2.0.pdsc: PDSC version is not supported
2024-11-27 20:28:39,191 [INFO] LogOutputStream:76 - [STDOUT_REDIRECT] 1 : Invalid condition id : UX_CORESTACK_Condition cause : null
2024-11-27 20:28:39,194 [INFO] LogOutputStream:76 - [STDOUT_REDIRECT] 1 : Invalid condition id : UX_CORESTACK_Condition cause : null
2024-11-27 20:28:39,197 [INFO] LogOutputStream:76 - [STDOUT_REDIRECT] 1 : Invalid condition id : UX_CORESTACK_Condition cause : null
2024-11-27 20:28:39,200 [INFO] LogOutputStream:76 - [STDOUT_REDIRECT] 1 : Invalid condition id : UX_CORESTACK_Condition cause : null
2024-11-27 20:28:39,203 [INFO] LogOutputStream:76 - [STDOUT_REDIRECT] 1 : Invalid condition id : UX_CORESTACK_Condition cause : null
2024-11-27 20:28:39,212 [WARN] PackLoader:238 - Cannot read IP mode file for STMicroelectronics.X-CUBE-AZRTOS-WL.2.0.0
2024-11-27 20:28:39,220 [ERROR] Engine:463 - C:\Users\Administrator\.stm32cubemx\thirdparties\pdsc\STMicroelectronics.FP-SNS-MOTENV1.5.0.0.pdsc: PDSC version is not supported
2024-11-27 20:28:39,227 [WARN] PackLoader:238 - Cannot read IP mode file for wolfSSL.I-CUBE-wolfMQTT.1.19.0
2024-11-27 20:28:39,242 [WARN] PackLoader:238 - Cannot read IP mode file for WES.I-CUBE-Cesium.1.3.0
2024-11-27 20:28:39,252 [WARN] PackLoader:238 - Cannot read IP mode file for STMicroelectronics.X-CUBE-BLE2.3.3.0
2024-11-27 20:28:39,266 [WARN] PackLoader:238 - Cannot read IP mode file for STMicroelectronics.X-CUBE-NFC9.1.0.0
2024-11-27 20:28:39,277 [ERROR] Engine:463 - C:\Users\Administrator\.stm32cubemx\thirdparties\pdsc\STMicroelectronics.X-CUBE-TCPP.4.1.0.pdsc: PDSC version is not supported
2024-11-27 20:28:39,375 [WARN] PackLoader:238 - Cannot read IP mode file for STMicroelectronics.X-CUBE-AZRTOS-G0.1.1.0
2024-11-27 20:28:39,397 [WARN] PackLoader:238 - Cannot read IP mode file for STMicroelectronics.X-CUBE-SAFEA1.1.2.2
2024-11-27 20:28:39,412 [WARN] PackLoader:238 - Cannot read IP mode file for STMicroelectronics.X-CUBE-NFC4.3.0.0
2024-11-27 20:28:39,421 [ERROR] Engine:463 - C:\Users\Administrator\.stm32cubemx\thirdparties\pdsc\EmbeddedOffice.I-CUBE-FS-RTOS.1.0.1.pdsc: PDSC version is not supported
2024-11-27 20:28:39,426 [ERROR] Engine:463 - C:\Users\Administrator\.stm32cubemx\thirdparties\pdsc\RealThread.X-CUBE-RT-Thread_Nano.4.1.1.pdsc: PDSC version is not supported
2024-11-27 20:28:39,433 [WARN] PackLoader:238 - Cannot read IP mode file for STMicroelectronics.FP-ATR-SIGFOX1.3.2.0
2024-11-27 20:28:39,444 [WARN] PackLoader:238 - Cannot read IP mode file for wolfSSL.I-CUBE-wolfSSL.5.7.2
2024-11-27 20:28:39,448 [ERROR] Engine:463 - C:\Users\Administrator\.stm32cubemx\thirdparties\pdsc\quantropi.X-CUBE-qispace-sdk-base.1.9.3.pdsc: PDSC version is not supported
2024-11-27 20:28:39,460 [WARN] PackLoader:238 - Cannot read IP mode file for STMicroelectronics.X-CUBE-EEPRMA1.5.1.0
2024-11-27 20:28:39,472 [ERROR] Engine:463 - C:\Users\Administrator\.stm32cubemx\thirdparties\pdsc\ITTIA_DB.I-CUBE-ITTIADB.8.9.0.pdsc: PDSC version is not supported
2024-11-27 20:28:39,556 [WARN] PackLoader:238 - Cannot read IP mode file for SEGGER.I-CUBE-embOS.1.3.1
2024-11-27 20:28:39,668 [WARN] PackLoader:238 - Cannot read IP mode file for STMicroelectronics.X-CUBE-ALGOBUILD.1.4.0
2024-11-27 20:28:39,674 [WARN] PackLoader:238 - Cannot read IP mode file for STMicroelectronics.X-CUBE-AI.9.1.0
2024-11-27 20:28:39,732 [WARN] PackLoader:238 - Cannot read IP mode file for STMicroelectronics.X-CUBE-AZRTOS-F4.1.1.0
2024-11-27 20:28:39,741 [WARN] PackLoader:238 - Cannot read IP mode file for STMicroelectronics.X-CUBE-ISPU.2.1.0
2024-11-27 20:28:39,745 [ERROR] Engine:463 - C:\Users\Administrator\.stm32cubemx\thirdparties\pdsc\STMicroelectronics.X-CUBE-FREERTOS.1.2.0.pdsc: PDSC version is not supported
2024-11-27 20:28:39,802 [WARN] PackLoader:238 - Cannot read IP mode file for STMicroelectronics.X-CUBE-AZRTOS-L5.2.0.0
2024-11-27 20:28:39,826 [WARN] PackLoader:238 - Cannot read IP mode file for STMicroelectronics.X-CUBE-NFC6.3.1.0
2024-11-27 20:28:39,838 [ERROR] Engine:463 - C:\Users\Administrator\.stm32cubemx\thirdparties\pdsc\STMicroelectronics.X-CUBE-DPower.1.2.0.pdsc: PDSC version is not supported
2024-11-27 20:28:39,844 [WARN] PackLoader:238 - Cannot read IP mode file for STMicroelectronics.X-CUBE-AI.9.0.0
2024-11-27 20:28:39,857 [WARN] PackLoader:238 - Cannot read IP mode file for STMicroelectronics.X-CUBE-NFC7.1.0.1
2024-11-27 20:28:39,925 [WARN] ConditionMgr:437 - getConditionDescription Invalid condition id : LAN8742 Phy interface Condition cause : null
2024-11-27 20:28:39,927 [WARN] PackLoader:238 - Cannot read IP mode file for STMicroelectronics.X-CUBE-AZRTOS-L4.2.0.0
2024-11-27 20:28:39,932 [WARN] ConditionMgr:1038 - genDependencies : Invalid condition id : LAN8742 Phy interface Condition cause : null
2024-11-27 20:28:39,933 [WARN] ConditionMgr:1038 - genDependencies : Invalid condition id : LAN8742 Phy interface Condition cause : null
2024-11-27 20:28:39,935 [WARN] ConditionMgr:1038 - genDependencies : Invalid condition id : LAN8742 Phy interface Condition cause : null
2024-11-27 20:28:39,958 [WARN] PackLoader:238 - Cannot read IP mode file for STMicroelectronics.X-CUBE-SFXS2LP1.4.0.0
2024-11-27 20:28:40,034 [WARN] PackLoader:238 - Cannot read IP mode file for STMicroelectronics.X-CUBE-AZRTOS-H7.3.3.0
2024-11-27 20:28:40,053 [ERROR] Engine:463 - C:\Users\Administrator\.stm32cubemx\thirdparties\pdsc\STMicroelectronics.X-CUBE-IPS.3.0.0.pdsc: PDSC version is not supported
2024-11-27 20:28:40,075 [WARN] ConditionMgr:437 - getConditionDescription Invalid condition id : UX DEVICE CLASS RTOS Condition cause : null
2024-11-27 20:28:40,075 [WARN] ConditionMgr:437 - getConditionDescription Invalid condition id : UX DEVICE CLASS RTOS Condition cause : null
2024-11-27 20:28:40,079 [WARN] PackLoader:238 - Cannot read IP mode file for STMicroelectronics.X-CUBE-AZRTOS-WB.2.0.0
2024-11-27 20:28:40,080 [WARN] ConditionMgr:1038 - genDependencies : Invalid condition id : UX DEVICE CLASS RTOS Condition cause : null
2024-11-27 20:28:40,080 [WARN] ConditionMgr:1038 - genDependencies : Invalid condition id : UX DEVICE CLASS RTOS Condition cause : null
2024-11-27 20:28:40,081 [WARN] ConditionMgr:1038 - genDependencies : Invalid condition id : UX DEVICE CLASS RTOS Condition cause : null
2024-11-27 20:28:40,082 [WARN] ConditionMgr:1038 - genDependencies : Invalid condition id : UX DEVICE CLASS RTOS Condition cause : null
2024-11-27 20:28:40,082 [WARN] ConditionMgr:1038 - genDependencies : Invalid condition id : UX DEVICE CLASS RTOS Condition cause : null
2024-11-27 20:28:40,090 [WARN] PackLoader:238 - Cannot read IP mode file for STMicroelectronics.X-CUBE-GNSS1.7.0.0
2024-11-27 20:28:40,097 [ERROR] Engine:463 - C:\Users\Administrator\.stm32cubemx\thirdparties\pdsc\STMicroelectronics.FP-SNS-STBOX1.2.0.0.pdsc: PDSC version is not supported
2024-11-27 20:28:40,130 [WARN] PackLoader:238 - Cannot read IP mode file for STMicroelectronics.X-CUBE-SUBG2.5.0.0
2024-11-27 20:28:40,147 [ERROR] Engine:463 - C:\Users\Administrator\.stm32cubemx\thirdparties\pdsc\Cesanta.I-CUBE-Mongoose.7.13.0.pdsc: PDSC version is not supported
2024-11-27 20:28:40,198 [WARN] PackLoader:238 - Cannot read IP mode file for STMicroelectronics.X-CUBE-AZRTOS-G4.2.0.0
2024-11-27 20:28:40,210 [WARN] PackLoader:238 - Cannot read IP mode file for STMicroelectronics.X-CUBE-ISPU.2.0.0
2024-11-27 20:28:40,215 [ERROR] Engine:463 - C:\Users\Administrator\.stm32cubemx\thirdparties\pdsc\STMicroelectronics.X-CUBE-ALS.1.0.2.pdsc: PDSC version is not supported
2024-11-27 20:28:40,222 [WARN] PackLoader:238 - Cannot read IP mode file for STMicroelectronics.X-CUBE-TOUCHGFX.4.24.0
2024-11-27 20:28:40,227 [WARN] PackLoader:238 - Cannot read IP mode file for STMicroelectronics.X-CUBE-TOUCHGFX.4.24.1
2024-11-27 20:28:40,233 [WARN] PackLoader:238 - Cannot read IP mode file for wolfSSL.I-CUBE-wolfTPM.3.4.0
2024-11-27 20:28:40,244 [WARN] PackLoader:238 - Cannot read IP mode file for portGmbH.I-Cube-SoM-uGOAL.1.1.0
2024-11-27 20:28:40,273 [WARN] PackLoader:238 - Cannot read IP mode file for STMicroelectronics.X-CUBE-AZRTOS-H7RS.1.0.0
2024-11-27 20:28:40,281 [WARN] PackLoader:238 - Cannot read IP mode file for STMicroelectronics.FP-ATR-ASTRA1.2.0.0
2024-11-27 20:28:40,290 [ERROR] Engine:463 - C:\Users\Administrator\.stm32cubemx\thirdparties\pdsc\STMicroelectronics.X-CUBE-TOF1.3.4.2.pdsc: PDSC version is not supported
2024-11-27 20:28:40,302 [ERROR] Engine:463 - C:\Users\Administrator\.stm32cubemx\thirdparties\pdsc\Infineon.AIROC-Wi-Fi-Bluetooth-STM32.1.6.1.pdsc: PDSC version is not supported
2024-11-27 20:28:40,308 [WARN] PackLoader:238 - Cannot read IP mode file for wolfSSL.I-CUBE-wolfSSH.1.4.17
2024-11-27 20:28:40,308 [INFO] ThirdParty:915 - Integrity check success = true
2024-11-27 20:28:40,308 [INFO] IntegrityCheckThread:94 - exiting critical section [integrity check]
2024-11-27 20:28:40,308 [INFO] IntegrityCheckThread:97 - End integrity checks thread
2024-11-27 20:28:40,654 [INFO] DbMcus:175 - Found 1951 MCUs (1903 are supported by CubeMX, 1914 are visible in CubeMX)
2024-11-27 20:28:40,654 [INFO] ApiDb:251 - Load user favorites file C:\Users\Administrator/.stm32cubeide/favorites.mcus.txt: 0 item(s)
2024-11-27 20:28:40,655 [INFO] ApiDb:255 - User favorites MCUs=[]
2024-11-27 20:28:40,655 [INFO] DbMcus:187 - Set 0 / 0 favorites MCUs
2024-11-27 20:28:41,388 [INFO] DetailPanel:309 - Set advertising image to C:/Users/Administrator/STM32Cube/Repository/\en.prom-stm32c071-usb-memories-mcu-finder.png
2024-11-27 20:28:42,175 [INFO] DbBoardsPdsc:90 - Found 25 items
2024-11-27 20:28:42,178 [INFO] DbBoardsPdsc:90 - Found 9 items
2024-11-27 20:28:42,185 [INFO] DbBoardsPdsc:90 - Found 33 items
2024-11-27 20:28:42,187 [INFO] DbBoardsPdsc:90 - Found 1 items
2024-11-27 20:28:42,198 [INFO] DbBoardsPdsc:90 - Found 48 items
2024-11-27 20:28:42,211 [INFO] DbBoardsPdsc:90 - Found 43 items
2024-11-27 20:28:42,213 [INFO] DbBoardsPdsc:90 - Found 2 items
2024-11-27 20:28:42,216 [INFO] DbBoardsPdsc:90 - Found 5 items
2024-11-27 20:28:42,223 [WARN] DbBoardsPdsc:254 - Board STM32H7B3I-DK: unknown feature type=Audio, name=, username=Audio stereo codec with Headphone Amp (CS42L51-CNZ), n=1
2024-11-27 20:28:42,224 [WARN] DbBoardsPdsc:254 - Board STM32H735G-DK: unknown feature type=Audio, name=, username=Audio stereo codec with Headphone Amp (WM8994ECS/R), n=1
2024-11-27 20:28:42,227 [WARN] DbBoardsPdsc:254 - Board STM32H7B3I-EVAL: unknown feature type=Audio, name=, username=Multi-Channel Audio Codec (CS42L51-CNZ), n=1
2024-11-27 20:28:42,228 [WARN] DbBoardsPdsc:254 - Board STM32H7B3I-EVAL: unknown feature type=Meter, name=, username=Power-metering and Temperature-monitoring with sigma-delta modulators, n=1
2024-11-27 20:28:42,228 [WARN] DbBoardsPdsc:254 - Board STM32H7B3I-EVAL: unknown feature type=Motor, name=, username=Motor Control, n=1
2024-11-27 20:28:42,229 [WARN] DbBoardsPdsc:254 - Board STM32U575I-EV: unknown feature type=joystick, name=, username=4-direction joystick with selection button, n=1
2024-11-27 20:28:42,260 [INFO] DbBoardsJson:86 - JSON generation date=Tue Nov 16 23:17:54 ICT 2021 (1637079474)
2024-11-27 20:28:42,270 [INFO] DbBoards:117 - Found 167 boards (163 are supported by CubeMX)
2024-11-27 20:28:42,275 [INFO] DbBoardsDocs:143 - JSON generation date=Tue Nov 16 23:17:54 ICT 2021 (1637079474)
2024-11-27 20:28:42,281 [INFO] DbBoardsDocs:79 - Found 209 boards documents
2024-11-27 20:28:42,282 [WARN] DbBoards:127 - board B-L475E-IOT01A2 has no document id list !
2024-11-27 20:28:42,284 [WARN] DbBoards:127 - board NUCLEO-H743ZI has no document id list !
2024-11-27 20:28:42,285 [WARN] DbBoards:127 - board NUCLEO-WL55JC2 has no document id list !
2024-11-27 20:28:42,285 [WARN] DbBoards:127 - board P-NUCLEO-WB55-Nucleo has no document id list !
2024-11-27 20:28:42,285 [WARN] DbBoards:127 - board P-NUCLEO-WB55-USBDongle has no document id list !
2024-11-27 20:28:42,285 [WARN] DbBoards:127 - board STEVAL-BFA001V1B has no document id list !
2024-11-27 20:28:42,285 [WARN] DbBoards:127 - board STEVAL-BFA001V2B has no document id list !
2024-11-27 20:28:42,286 [WARN] DbBoards:127 - board STEVAL-IDP005V1 has no document id list !
2024-11-27 20:28:42,286 [WARN] DbBoards:127 - board STEVAL-IDP005V2 has no document id list !
2024-11-27 20:28:42,286 [WARN] DbBoards:127 - board STEVAL-MKSBOX1V1 has no document id list !
2024-11-27 20:28:42,286 [WARN] DbBoards:127 - board STEVAL-STWINKT1 has no document id list !
2024-11-27 20:28:42,286 [WARN] DbBoards:127 - board STEVAL-STWINKT1B has no document id list !
2024-11-27 20:28:42,287 [WARN] DbBoards:127 - board STM32439I-EVAL2 has no document id list !
2024-11-27 20:28:42,288 [WARN] DbBoards:127 - board STM32F401C-DISCO has no document id list !
2024-11-27 20:28:42,289 [WARN] DbBoards:127 - board STM32F769I-DISC1 has no document id list !
2024-11-27 20:28:42,289 [WARN] DbBoards:127 - board STM32G474E-EVAL1 has no document id list !
2024-11-27 20:28:42,290 [WARN] DbBoards:127 - board STM32H743I-EVAL2 has no document id list !
2024-11-27 20:28:42,290 [WARN] DbBoards:127 - board STM32H747I-DISC1 has no document id list !
2024-11-27 20:28:42,291 [WARN] DbBoards:127 - board STM32H753I-EVAL2 has no document id list !
2024-11-27 20:28:42,291 [WARN] DbBoards:127 - board STM32L-DISCOVERY has no document id list !
2024-11-27 20:28:42,481 [ERROR] DbBoards:189 - Image file not found for board B-U585I-IOT02A: D:\STM32CubeIDE\STM32CubeIDE_1.7.0\STM32CubeIDE\plugins\com.st.stm32cube.common.mx_6.3.0.202107141111\\db\/plugins/mcufinder/images/boards/B-U585I-IOT02A_small.jpg
2024-11-27 20:28:42,633 [ERROR] DbBoards:189 - Image file not found for board NUCLEO-F413ZH: D:\STM32CubeIDE\STM32CubeIDE_1.7.0\STM32CubeIDE\plugins\com.st.stm32cube.common.mx_6.3.0.202107141111\\db\/plugins/mcufinder/images/boards/nucleo-f413zh_small.jpg
2024-11-27 20:28:43,087 [ERROR] DbBoards:189 - Image file not found for board NUCLEO-L552ZE-Q: D:\STM32CubeIDE\STM32CubeIDE_1.7.0\STM32CubeIDE\plugins\com.st.stm32cube.common.mx_6.3.0.202107141111\\db\/plugins/mcufinder/images/boards/nucleo_l552ze_q_small.jpg
2024-11-27 20:28:43,087 [ERROR] DbBoards:189 - Image file not found for board NUCLEO-U575ZI-Q: D:\STM32CubeIDE\STM32CubeIDE_1.7.0\STM32CubeIDE\plugins\com.st.stm32cube.common.mx_6.3.0.202107141111\\db\/plugins/mcufinder/images/boards/nucleo-u575zi-q_small.jpg
2024-11-27 20:28:43,087 [ERROR] DbBoards:189 - Image file not found for board NUCLEO-WB15CC: D:\STM32CubeIDE\STM32CubeIDE_1.7.0\STM32CubeIDE\plugins\com.st.stm32cube.common.mx_6.3.0.202107141111\\db\/plugins/mcufinder/images/boards/nucleo-wb15cc_small.jpg
2024-11-27 20:28:43,088 [ERROR] DbBoards:189 - Image file not found for board NUCLEO-WB55RG: D:\STM32CubeIDE\STM32CubeIDE_1.7.0\STM32CubeIDE\plugins\com.st.stm32cube.common.mx_6.3.0.202107141111\\db\/plugins/mcufinder/images/boards/nucleo-wb55rg_small.jpg
2024-11-27 20:28:45,337 [INFO] ApiDb:251 - Load user favorites file C:\Users\Administrator/.stm32cubeide/favorites.boards.txt: 0 item(s)
2024-11-27 20:28:45,338 [INFO] ApiDb:255 - User favorites Boards=[]
2024-11-27 20:28:45,338 [INFO] DbBoards:206 - Set 0 / 0 favorites Boards
2024-11-27 20:28:55,735 [INFO] DbMcusDocs:143 - JSON generation date=Tue Nov 16 23:17:54 ICT 2021 (1637079474)
2024-11-27 20:28:56,415 [INFO] DbMcusDocs:79 - Found 682 MCUs documents
2024-11-27 20:29:19,984 [INFO] MainUpdater:2671 - connection check result : 10
2024-11-27 20:29:19,984 [INFO] MainUpdater:2671 - connection check result : 10
2024-11-27 20:29:20,037 [INFO] MicroXplorer:448 - Change Database Path : 
2024-11-27 20:29:20,037 [INFO] MicroXplorer:478 - Change Database Version : DB.6.0.30
2024-11-27 20:29:20,038 [WARN] ThirdParty:813 - waiting for thirdparty lock release [close project]
2024-11-27 20:29:20,038 [INFO] ThirdParty:815 - entering critical section [close project]
2024-11-27 20:29:20,040 [INFO] ThirdParty:825 - exiting critical section [close project]
2024-11-27 20:29:20,047 [INFO] PinOutPanel:1463 - setPackage(No Configuration,No Configuration)
2024-11-27 20:29:20,048 [INFO] UtilMem:74 - Begin LoadConfig() Used Memory: 499935968 Bytes (654311424)
2024-11-27 20:29:20,049 [INFO] MicroXplorer:448 - Change Database Path : 
2024-11-27 20:29:20,050 [INFO] MicroXplorer:478 - Change Database Version : DB.6.0.30
2024-11-27 20:29:20,050 [INFO] OpenFileManager:313 - Change cursor
2024-11-27 20:29:21,435 [INFO] Context:592 - Trying to add GPIOservice into a context  which must be forbidden
2024-11-27 20:29:21,813 [INFO] ImportTextPane:167 - (OptionalMessage_ERROR) Unable to find key (Mcu.ThirdPartyNb) in loaded IOC file
2024-11-27 20:29:21,813 [INFO] ImportTextPane:167 - (OptionalMessage_ERROR) Unable to find key (Mcu.PinsNb) in loaded IOC file
2024-11-27 20:29:21,813 [INFO] ImportTextPane:167 - (OptionalMessage_ERROR) Unable to find key (Mcu.IPNb) in loaded IOC file
2024-11-27 20:29:21,899 [WARN] ApiManager:304 - Cannot register API 'Board Extension:NFC09A1' from pack STMicroelectronics.X-CUBE-NFC9.1.0.0: no header file found
2024-11-27 20:29:21,909 [WARN] ApiManager:304 - Cannot register API 'Wireless:STM32WB05N' from pack STMicroelectronics.X-CUBE-WB05N.1.1.0: no header file found
2024-11-27 20:29:21,917 [WARN] ApiManager:304 - Cannot register API 'Board Extension:GNSS1A1' from pack STMicroelectronics.X-CUBE-GNSS1.7.0.0: no header file found
2024-11-27 20:29:21,917 [WARN] ApiManager:304 - Cannot register API 'Board Support:Custom' from pack STMicroelectronics.X-CUBE-GNSS1.7.0.0: no header file found
2024-11-27 20:29:21,918 [WARN] ApiManager:304 - Cannot register API 'Data Exchange:lib_gnss' from pack STMicroelectronics.X-CUBE-GNSS1.7.0.0: no header file found
2024-11-27 20:29:21,939 [WARN] ApiManager:304 - Cannot register API 'Board Extension:NFC06A1' from pack STMicroelectronics.X-CUBE-NFC6.3.1.0: no header file found
2024-11-27 20:29:21,939 [WARN] ApiManager:304 - Cannot register API 'Board Extension:NFC08A1' from pack STMicroelectronics.X-CUBE-NFC6.3.1.0: no header file found
2024-11-27 20:29:22,301 [WARN] ApiManager:304 - Cannot register API 'Board Extension:IKS01A3' from pack STMicroelectronics.X-CUBE-MEMS1.11.0.0: no header file found
2024-11-27 20:29:22,301 [WARN] ApiManager:304 - Cannot register API 'Board Extension:IKS02A1' from pack STMicroelectronics.X-CUBE-MEMS1.11.0.0: no header file found
2024-11-27 20:29:22,301 [WARN] ApiManager:304 - Cannot register API 'Board Extension:IKS4A1' from pack STMicroelectronics.X-CUBE-MEMS1.11.0.0: no header file found
2024-11-27 20:29:22,319 [INFO] RtosManager:484 - Registered RTOS mode: class=CMSIS, group=RTOS, mode=CMSIS_V1, owner=FREERTOS
2024-11-27 20:29:22,319 [INFO] RtosManager:484 - Registered RTOS mode: class=CMSIS, group=RTOS2, mode=CMSIS_V2, owner=FREERTOS
2024-11-27 20:29:22,319 [INFO] RtosManager:484 - Registered RTOS mode: class=RTOS, group=Core, mode=CMSIS_V1, owner=FREERTOS
2024-11-27 20:29:22,320 [INFO] RtosManager:484 - Registered RTOS mode: class=RTOS, group=Core, mode=CMSIS_V2, owner=FREERTOS
2024-11-27 20:29:22,320 [WARN] ModelIntegratedComponent:181 - Missing modes for component STMicroelectronics:FreeRTOS:0.0.1:STMicroelectronics:RTOS:FreeRTOS:Core:::10.2.0:
2024-11-27 20:29:22,322 [WARN] ApiManager:304 - Cannot register API 'Board Extension:STSAFEA1' from pack STMicroelectronics.X-CUBE-SAFEA1.1.2.2: no header file found
2024-11-27 20:29:22,323 [WARN] ApiManager:304 - Cannot register API 'Board Part:STSAFEA110' from pack STMicroelectronics.X-CUBE-SAFEA1.1.2.2: no header file found
2024-11-27 20:29:22,323 [WARN] ApiManager:304 - Cannot register API 'Security:ST_Cryptolib' from pack STMicroelectronics.X-CUBE-SAFEA1.1.2.2: no header file found
2024-11-27 20:29:22,323 [WARN] ApiManager:304 - Cannot register API 'Security:MbedTLS' from pack STMicroelectronics.X-CUBE-SAFEA1.1.2.2: no header file found
2024-11-27 20:29:22,324 [WARN] ApiManager:304 - Cannot register API 'Board Extension:NFC04A1' from pack STMicroelectronics.X-CUBE-NFC4.3.0.0: no header file found
2024-11-27 20:29:22,329 [WARN] ApiManager:304 - Cannot register API 'Board Extension:S2868A1' from pack STMicroelectronics.X-CUBE-SUBG2.5.0.0: no header file found
2024-11-27 20:29:22,329 [WARN] ApiManager:304 - Cannot register API 'Board Extension:S2868A2' from pack STMicroelectronics.X-CUBE-SUBG2.5.0.0: no header file found
2024-11-27 20:29:22,330 [WARN] ApiManager:304 - Cannot register API 'Board Extension:S2915A1' from pack STMicroelectronics.X-CUBE-SUBG2.5.0.0: no header file found
2024-11-27 20:29:22,333 [WARN] ApiManager:304 - Cannot register API 'Wireless:BlueNRG-MS' from pack STMicroelectronics.X-CUBE-BLE1.7.0.0: no header file found
2024-11-27 20:29:22,334 [WARN] ApiManager:304 - Cannot register API 'Board Extension:NFC10A1' from pack STMicroelectronics.X-CUBE-NFC10.1.0.0: no header file found
2024-11-27 20:29:22,337 [WARN] ApiManager:304 - Cannot register API 'Board Extension:EEPRMA2' from pack STMicroelectronics.X-CUBE-EEPRMA1.5.1.0: no header file found
2024-11-27 20:29:22,337 [WARN] ApiManager:304 - Cannot register API 'Board Extension:PGEEZ1' from pack STMicroelectronics.X-CUBE-EEPRMA1.5.1.0: no header file found
2024-11-27 20:29:22,337 [WARN] ApiManager:304 - Cannot register API 'Board Extension:EEICA1' from pack STMicroelectronics.X-CUBE-EEPRMA1.5.1.0: no header file found
2024-11-27 20:29:22,337 [WARN] ApiManager:304 - Cannot register API 'Board Part:M24' from pack STMicroelectronics.X-CUBE-EEPRMA1.5.1.0: no header file found
2024-11-27 20:29:22,337 [WARN] ApiManager:304 - Cannot register API 'Board Part:M95' from pack STMicroelectronics.X-CUBE-EEPRMA1.5.1.0: no header file found
2024-11-27 20:29:22,337 [WARN] ApiManager:304 - Cannot register API 'Board Part:M95P32' from pack STMicroelectronics.X-CUBE-EEPRMA1.5.1.0: no header file found
2024-11-27 20:29:22,338 [WARN] ApiManager:304 - Cannot register API 'Board Part:M24256E-F' from pack STMicroelectronics.X-CUBE-EEPRMA1.5.1.0: no header file found
2024-11-27 20:29:22,338 [WARN] ApiManager:304 - Cannot register API 'Board Part:M24M01E-F' from pack STMicroelectronics.X-CUBE-EEPRMA1.5.1.0: no header file found
2024-11-27 20:29:22,338 [WARN] ApiManager:304 - Cannot register API 'PGEEZ1:SPI' from pack STMicroelectronics.X-CUBE-EEPRMA1.5.1.0: no header file found
2024-11-27 20:29:22,338 [WARN] ApiManager:304 - Cannot register API 'PGEEZ1:QDSPI' from pack STMicroelectronics.X-CUBE-EEPRMA1.5.1.0: no header file found
2024-11-27 20:29:22,340 [WARN] ModelIntegratedComponent:60 - No mode defined for component null
2024-11-27 20:29:22,340 [WARN] ModelIntegratedComponent:60 - No mode defined for component null
2024-11-27 20:29:22,340 [WARN] ModelIntegratedComponent:60 - No mode defined for component null
2024-11-27 20:29:22,341 [WARN] ModelIntegratedComponent:60 - No mode defined for component null
2024-11-27 20:29:22,341 [WARN] ModelIntegratedComponent:60 - No mode defined for component null
2024-11-27 20:29:22,341 [WARN] ModelIntegratedComponent:60 - No mode defined for component null
2024-11-27 20:29:22,341 [WARN] ModelIntegratedComponent:60 - No mode defined for component null
2024-11-27 20:29:22,341 [WARN] ModelIntegratedComponent:60 - No mode defined for component null
2024-11-27 20:29:22,341 [WARN] ModelIntegratedComponent:60 - No mode defined for component null
2024-11-27 20:29:22,341 [WARN] ModelIntegratedComponent:60 - No mode defined for component null
2024-11-27 20:29:22,341 [WARN] ModelIntegratedComponent:60 - No mode defined for component null
2024-11-27 20:29:22,342 [WARN] ModelIntegratedComponent:60 - No mode defined for component null
2024-11-27 20:29:22,342 [WARN] ModelIntegratedComponent:60 - No mode defined for component null
2024-11-27 20:29:22,342 [WARN] ModelIntegratedComponent:60 - No mode defined for component null
2024-11-27 20:29:22,342 [WARN] ModelIntegratedComponent:60 - No mode defined for component null
2024-11-27 20:29:22,342 [WARN] ModelIntegratedComponent:60 - No mode defined for component null
2024-11-27 20:29:22,342 [WARN] ModelIntegratedComponent:60 - No mode defined for component null
2024-11-27 20:29:22,342 [WARN] ModelIntegratedComponent:60 - No mode defined for component null
2024-11-27 20:29:22,342 [WARN] ModelIntegratedComponent:60 - No mode defined for component null
2024-11-27 20:29:22,343 [WARN] ModelIntegratedComponent:60 - No mode defined for component null
2024-11-27 20:29:22,343 [WARN] ModelIntegratedComponent:60 - No mode defined for component null
2024-11-27 20:29:22,343 [WARN] ModelIntegratedComponent:60 - No mode defined for component null
2024-11-27 20:29:22,343 [WARN] ModelIntegratedComponent:60 - No mode defined for component null
2024-11-27 20:29:22,343 [WARN] ModelIntegratedComponent:60 - No mode defined for component null
2024-11-27 20:29:22,343 [WARN] ModelIntegratedComponent:60 - No mode defined for component null
2024-11-27 20:29:22,343 [WARN] ModelIntegratedComponent:60 - No mode defined for component null
2024-11-27 20:29:22,343 [WARN] ModelIntegratedComponent:60 - No mode defined for component null
2024-11-27 20:29:22,344 [WARN] ModelIntegratedComponent:60 - No mode defined for component null
2024-11-27 20:29:22,344 [WARN] ModelIntegratedComponent:60 - No mode defined for component null
2024-11-27 20:29:22,344 [WARN] ModelIntegratedComponent:60 - No mode defined for component null
2024-11-27 20:29:22,344 [WARN] ModelIntegratedComponent:60 - No mode defined for component null
2024-11-27 20:29:22,345 [WARN] ApiManager:304 - Cannot register API 'Board Extension:NFC07A1' from pack STMicroelectronics.X-CUBE-NFC7.1.0.1: no header file found
2024-11-27 20:29:22,359 [WARN] ApiManager:304 - Cannot register API 'Board Extension:S2868A1' from pack STMicroelectronics.X-CUBE-SFXS2LP1.4.0.0: no header file found
2024-11-27 20:29:22,359 [WARN] ApiManager:304 - Cannot register API 'Board Extension:S2868A2' from pack STMicroelectronics.X-CUBE-SFXS2LP1.4.0.0: no header file found
2024-11-27 20:29:22,359 [WARN] ApiManager:304 - Cannot register API 'Board Extension:S2915A1' from pack STMicroelectronics.X-CUBE-SFXS2LP1.4.0.0: no header file found
2024-11-27 20:29:22,361 [WARN] ApiManager:304 - Cannot register API 'Wireless:BlueNRG-2' from pack STMicroelectronics.X-CUBE-BLE2.3.3.0: no header file found
2024-11-27 20:29:25,516 [INFO] UtilMem:74 - End LoadConfig() Used Memory: 488450064 Bytes (654311424)
2024-11-27 20:29:25,519 [WARN] ThirdParty:779 - waiting for thirdparty lock release [change project]
2024-11-27 20:29:25,519 [INFO] ThirdParty:781 - entering critical section [change project]
2024-11-27 20:29:25,519 [INFO] ThirdParty:967 - CMSIS Pack Vendor :STMicroelectronics X-CUBE-AZRTOS-H7 3.3.0
2024-11-27 20:29:25,519 [INFO] ThirdParty:967 - CMSIS Pack Vendor :STMicroelectronics X-CUBE-NFC9 1.0.0
2024-11-27 20:29:25,520 [INFO] ThirdParty:967 - CMSIS Pack Vendor :STMicroelectronics USB_HOST 2.0.0
2024-11-27 20:29:25,520 [INFO] ThirdParty:967 - CMSIS Pack Vendor :STMicroelectronics X-CUBE-AZRTOS-F4 1.1.0
2024-11-27 20:29:25,520 [INFO] ThirdParty:967 - CMSIS Pack Vendor :STMicroelectronics FP-ATR-ASTRA1 2.0.1
2024-11-27 20:29:25,520 [INFO] ThirdParty:967 - CMSIS Pack Vendor :STMicroelectronics X-CUBE-WB05N 1.1.0
2024-11-27 20:29:25,520 [INFO] ThirdParty:967 - CMSIS Pack Vendor :STMicroelectronics USB_DEVICE 3.0.0
2024-11-27 20:29:25,521 [INFO] ThirdParty:967 - CMSIS Pack Vendor :STMicroelectronics X-CUBE-ISPU 2.1.0
2024-11-27 20:29:25,521 [INFO] ThirdParty:967 - CMSIS Pack Vendor :STMicroelectronics X-CUBE-AZRTOS-WB 2.0.0
2024-11-27 20:29:25,521 [INFO] ThirdParty:967 - CMSIS Pack Vendor :STMicroelectronics X-CUBE-GNSS1 7.0.0
2024-11-27 20:29:25,521 [INFO] ThirdParty:967 - CMSIS Pack Vendor :STMicroelectronics X-CUBE-AZRTOS-F7 1.1.0
2024-11-27 20:29:25,522 [INFO] ThirdParty:967 - CMSIS Pack Vendor :STMicroelectronics X-CUBE-AZRTOS-L5 2.0.0
2024-11-27 20:29:25,522 [INFO] ThirdParty:967 - CMSIS Pack Vendor :STMicroelectronics USB_DEVICE 2.0.0
2024-11-27 20:29:25,522 [INFO] ThirdParty:967 - CMSIS Pack Vendor :STMicroelectronics X-CUBE-NFC6 3.1.0
2024-11-27 20:29:25,523 [INFO] ThirdParty:967 - CMSIS Pack Vendor :STMicroelectronics X-CUBE-MEMS1 11.0.0
2024-11-27 20:29:25,523 [INFO] ThirdParty:967 - CMSIS Pack Vendor :STMicroelectronics FreeRTOS 0.0.1
2024-11-27 20:29:25,523 [INFO] ThirdParty:967 - CMSIS Pack Vendor :STMicroelectronics X-CUBE-AZRTOS-G0 1.1.0
2024-11-27 20:29:25,523 [INFO] ThirdParty:967 - CMSIS Pack Vendor :STMicroelectronics X-CUBE-SAFEA1 1.2.2
2024-11-27 20:29:25,523 [INFO] ThirdParty:967 - CMSIS Pack Vendor :STMicroelectronics X-CUBE-NFC4 3.0.0
2024-11-27 20:29:25,523 [INFO] ThirdParty:967 - CMSIS Pack Vendor :STMicroelectronics X-CUBE-SUBG2 5.0.0
2024-11-27 20:29:25,523 [INFO] ThirdParty:967 - CMSIS Pack Vendor :STMicroelectronics lwIP 2.0.3
2024-11-27 20:29:25,523 [INFO] ThirdParty:967 - CMSIS Pack Vendor :STMicroelectronics USB_HOST 1.0.0
2024-11-27 20:29:25,524 [INFO] ThirdParty:967 - CMSIS Pack Vendor :STMicroelectronics X-CUBE-AI 9.0.0
2024-11-27 20:29:25,524 [INFO] ThirdParty:967 - CMSIS Pack Vendor :STMicroelectronics X-CUBE-AZRTOS-G4 2.0.0
2024-11-27 20:29:25,524 [INFO] ThirdParty:967 - CMSIS Pack Vendor :STMicroelectronics PDM2PCM 3.1.0
2024-11-27 20:29:25,524 [INFO] ThirdParty:967 - CMSIS Pack Vendor :STMicroelectronics PDM2PCM 3.3.0
2024-11-27 20:29:25,524 [INFO] ThirdParty:967 - CMSIS Pack Vendor :STMicroelectronics X-CUBE-BLE1 7.0.0
2024-11-27 20:29:25,524 [INFO] ThirdParty:967 - CMSIS Pack Vendor :STMicroelectronics FP-ATR-SIGFOX1 3.2.0
2024-11-27 20:29:25,524 [INFO] ThirdParty:967 - CMSIS Pack Vendor :STMicroelectronics X-CUBE-NFC10 1.0.0
2024-11-27 20:29:25,524 [INFO] ThirdParty:967 - CMSIS Pack Vendor :wolfSSL I-CUBE-wolfSSL 5.7.2
2024-11-27 20:29:25,524 [INFO] ThirdParty:967 - CMSIS Pack Vendor :STMicroelectronics X-CUBE-ISPU 2.0.0
2024-11-27 20:29:25,524 [INFO] ThirdParty:967 - CMSIS Pack Vendor :STMicroelectronics X-CUBE-EEPRMA1 5.1.0
2024-11-27 20:29:25,525 [INFO] ThirdParty:967 - CMSIS Pack Vendor :STMicroelectronics HAL Drivers 0.0.0
2024-11-27 20:29:25,525 [INFO] ThirdParty:967 - CMSIS Pack Vendor :STMicroelectronics MBEDTLS 2.16.2
2024-11-27 20:29:25,525 [INFO] ThirdParty:967 - CMSIS Pack Vendor :STMicroelectronics X-CUBE-NFC7 1.0.1
2024-11-27 20:29:25,525 [INFO] ThirdParty:967 - CMSIS Pack Vendor :STMicroelectronics MBEDTLS 2.14.1
2024-11-27 20:29:25,525 [INFO] ThirdParty:967 - CMSIS Pack Vendor :STMicroelectronics X-CUBE-TOUCHGFX 4.24.0
2024-11-27 20:29:25,525 [INFO] ThirdParty:967 - CMSIS Pack Vendor :STMicroelectronics X-CUBE-TOUCHGFX 4.24.1
2024-11-27 20:29:25,525 [INFO] ThirdParty:967 - CMSIS Pack Vendor :wolfSSL I-CUBE-wolfTPM 3.4.0
2024-11-27 20:29:25,525 [INFO] ThirdParty:967 - CMSIS Pack Vendor :portGmbH I-Cube-SoM-uGOAL 1.1.0
2024-11-27 20:29:25,525 [INFO] ThirdParty:967 - CMSIS Pack Vendor :STMicroelectronics X-CUBE-AZRTOS-WL 2.0.0
2024-11-27 20:29:25,526 [INFO] ThirdParty:967 - CMSIS Pack Vendor :SEGGER I-CUBE-embOS 1.3.1
2024-11-27 20:29:25,526 [INFO] ThirdParty:967 - CMSIS Pack Vendor :STMicroelectronics X-CUBE-ALGOBUILD 1.4.0
2024-11-27 20:29:25,526 [INFO] ThirdParty:967 - CMSIS Pack Vendor :STMicroelectronics USB_DEVICE 1.0.0
2024-11-27 20:29:25,526 [INFO] ThirdParty:967 - CMSIS Pack Vendor :STMicroelectronics X-CUBE-AZRTOS-H7RS 1.0.0
2024-11-27 20:29:25,526 [INFO] ThirdParty:967 - CMSIS Pack Vendor :wolfSSL I-CUBE-wolfMQTT 1.19.0
2024-11-27 20:29:25,526 [INFO] ThirdParty:967 - CMSIS Pack Vendor :STMicroelectronics X-CUBE-AZRTOS-L4 2.0.0
2024-11-27 20:29:25,526 [INFO] ThirdParty:967 - CMSIS Pack Vendor :STMicroelectronics ThreadX 0.0.2
2024-11-27 20:29:25,526 [INFO] ThirdParty:967 - CMSIS Pack Vendor :WES I-CUBE-Cesium 1.3.0
2024-11-27 20:29:25,526 [INFO] ThirdParty:967 - CMSIS Pack Vendor :STMicroelectronics FP-ATR-ASTRA1 2.0.0
2024-11-27 20:29:25,526 [INFO] ThirdParty:967 - CMSIS Pack Vendor :STMicroelectronics lwIP 2.1.2
2024-11-27 20:29:25,527 [INFO] ThirdParty:967 - CMSIS Pack Vendor :STMicroelectronics X-CUBE-SFXS2LP1 4.0.0
2024-11-27 20:29:25,527 [INFO] ThirdParty:967 - CMSIS Pack Vendor :STMicroelectronics X-CUBE-BLE2 3.3.0
2024-11-27 20:29:25,527 [INFO] ThirdParty:967 - CMSIS Pack Vendor :STMicroelectronics X-CUBE-AI 9.1.0
2024-11-27 20:29:25,527 [INFO] ThirdParty:967 - CMSIS Pack Vendor :STMicroelectronics PDM2PCM 3.2.0
2024-11-27 20:29:25,527 [INFO] ThirdParty:967 - CMSIS Pack Vendor :wolfSSL I-CUBE-wolfSSH 1.4.17
2024-11-27 20:29:25,527 [INFO] ThirdParty:787 - exiting critical section [change project]
2024-11-27 20:29:25,996 [INFO] PinOutPanel:1463 - setPackage(No Configuration,No Configuration)
2024-11-27 20:29:25,999 [INFO] PinOutPanel:1463 - setPackage(STM32F103C6Ux,UFQFPN48)
2024-11-27 20:29:27,163 [INFO] UtilMem:74 - Before build in PCC Used Memory: 568429656 Bytes (654311424)
2024-11-27 20:29:28,307 [INFO] UtilMem:74 - After build in PCC Used Memory: 532555776 Bytes (654311424)
2024-11-27 20:29:28,359 [INFO] IPUIPlugin:74 - create IPUIPlugin
2024-11-27 20:29:28,360 [INFO] IPUIPlugin:74 - create IPUIPlugin
2024-11-27 20:29:28,360 [INFO] IPUIPlugin:74 - create IPUIPlugin
2024-11-27 20:29:28,361 [INFO] IPUIPlugin:74 - create IPUIPlugin
2024-11-27 20:29:28,361 [INFO] IPUIPlugin:74 - create IPUIPlugin
2024-11-27 20:29:28,361 [INFO] IPUIPlugin:74 - create IPUIPlugin
2024-11-27 20:29:28,362 [INFO] IPUIPlugin:74 - create IPUIPlugin
2024-11-27 20:29:28,362 [INFO] IPUIPlugin:74 - create IPUIPlugin
2024-11-27 20:29:28,363 [INFO] IPUIPlugin:74 - create IPUIPlugin
2024-11-27 20:29:28,363 [INFO] IPUIPlugin:74 - create IPUIPlugin
2024-11-27 20:29:28,364 [INFO] IPUIPlugin:74 - create IPUIPlugin
2024-11-27 20:29:28,365 [INFO] IPUIPlugin:74 - create IPUIPlugin
2024-11-27 20:29:28,366 [INFO] IPUIPlugin:74 - create IPUIPlugin
2024-11-27 20:29:28,366 [INFO] IPUIPlugin:74 - create IPUIPlugin
2024-11-27 20:29:28,367 [INFO] IPUIPlugin:74 - create IPUIPlugin
2024-11-27 20:29:28,368 [INFO] IPUIPlugin:74 - create IPUIPlugin
2024-11-27 20:29:28,369 [INFO] IPUIPlugin:74 - create IPUIPlugin
2024-11-27 20:29:28,370 [INFO] IPUIPlugin:74 - create IPUIPlugin
2024-11-27 20:29:28,371 [INFO] IPUIPlugin:74 - create IPUIPlugin
2024-11-27 20:29:28,372 [INFO] IPUIPlugin:74 - create IPUIPlugin
2024-11-27 20:29:28,373 [INFO] IPUIPlugin:74 - create IPUIPlugin
2024-11-27 20:29:28,373 [INFO] IPUIPlugin:74 - create IPUIPlugin
2024-11-27 20:29:28,375 [INFO] IPUIPlugin:74 - create IPUIPlugin
2024-11-27 20:29:28,729 [INFO] OpenFileManager:333 - Restore cursor
2024-11-27 20:29:29,323 [INFO] UtilMem:74 - End SaveConfig() Used Memory: 561083304 Bytes (654311424)
2024-11-27 20:29:29,487 [INFO] UtilMem:74 - End SaveConfig() Used Memory: 498970880 Bytes (654311424)
2024-11-27 20:29:30,359 [INFO] BlockDiagram:2740 - set Specific Code input for plugin: NVIC
2024-11-27 20:29:30,359 [INFO] BlockDiagram:2740 - set Specific Code input for plugin: SYS
2024-11-27 20:29:30,359 [INFO] BlockDiagram:2740 - set Specific Code input for plugin: RCC
2024-11-27 20:29:30,361 [INFO] CodeGenerator:663 - code generatio: config db path: D:\STM32CubeIDE\STM32CubeIDE_1.7.0\STM32CubeIDE\plugins\com.st.stm32cube.common.mx_6.3.0.202107141111\\db\
2024-11-27 20:29:30,914 [INFO] CodeEngine:239 - oldGeneratedFile, F:\Lab_MCU\Lab5\MXTmpFiles\license.tmp_save
2024-11-27 20:29:31,486 [INFO] CodeEngine:257 - Generated code: F:\Lab_MCU\Lab5\MXTmpFiles\license.tmp
2024-11-27 20:29:31,745 [INFO] CodeEngine:239 - oldGeneratedFile, F:\Lab_MCU\Lab5\Core\Src\stm32f1xx_it.c_save
2024-11-27 20:29:32,020 [INFO] CodeEngine:257 - Generated code: F:\Lab_MCU\Lab5\Core\Src\stm32f1xx_it.c
2024-11-27 20:29:32,024 [INFO] CodeEngine:239 - oldGeneratedFile, F:\Lab_MCU\Lab5\Core\Inc\stm32f1xx_it.h_save
2024-11-27 20:29:32,151 [INFO] CodeEngine:257 - Generated code: F:\Lab_MCU\Lab5\Core\Inc\stm32f1xx_it.h
2024-11-27 20:29:32,163 [INFO] CodeEngine:239 - oldGeneratedFile, F:\Lab_MCU\Lab5\Core\Src\stm32f1xx_hal_msp.c_save
2024-11-27 20:29:32,339 [INFO] CodeEngine:257 - Generated code: F:\Lab_MCU\Lab5\Core\Src\stm32f1xx_hal_msp.c
2024-11-27 20:29:32,342 [INFO] CodeEngine:239 - oldGeneratedFile, F:\Lab_MCU\Lab5\MXTmpFiles\system.tmp_save
2024-11-27 20:29:32,433 [INFO] CodeEngine:257 - Generated code: F:\Lab_MCU\Lab5\MXTmpFiles\system.tmp
2024-11-27 20:29:32,441 [INFO] CodeEngine:239 - oldGeneratedFile, F:\Lab_MCU\Lab5\Core\Inc\stm32f1xx_hal_conf.h_save
2024-11-27 20:29:32,595 [INFO] CodeEngine:257 - Generated code: F:\Lab_MCU\Lab5\Core\Inc\stm32f1xx_hal_conf.h
2024-11-27 20:29:32,643 [INFO] CodeEngine:239 - oldGeneratedFile, F:\Lab_MCU\Lab5\Core\Inc\main.h_save
2024-11-27 20:29:32,751 [INFO] CodeEngine:257 - Generated code: F:\Lab_MCU\Lab5\Core\Inc\main.h
2024-11-27 20:29:32,758 [INFO] CodeEngine:239 - oldGeneratedFile, F:\Lab_MCU\Lab5\Core\Src\main.c_save
2024-11-27 20:29:32,945 [INFO] CodeEngine:257 - Generated code: F:\Lab_MCU\Lab5\Core\Src\main.c
2024-11-27 20:29:34,982 [INFO] ProjectBuilder:2578 - Time for Copy HAL[1] : 135mS.
2024-11-27 20:29:34,990 [INFO] ProjectBuilder:3622 - Project Generator version: 3.14.1
2024-11-27 20:29:36,084 [INFO] ConfigFileManager:1271 - The Die is : DIE412
2024-11-27 20:29:36,118 [INFO] ApiDbMcu:468 - Load IP Config File for FATFS
2024-11-27 20:29:36,247 [INFO] ApiDbMcu:468 - Load IP Config File for FREERTOS
2024-11-27 20:29:36,323 [INFO] ApiDbMcu:468 - Load IP Config File for USB_DEVICE
2024-11-27 20:29:42,871 [INFO] ProjectBuilder:3789 - Time for Generating toolchain IDE Files: 7881mS.
2024-11-27 20:29:42,872 [INFO] ProjectBuilder:2457 - Time for Copy CMSIS : 0mS.
2024-11-27 20:29:42,875 [INFO] ProjectBuilder:2457 - Time for Copy CMSIS : 0mS.
2024-11-27 20:29:43,956 [INFO] McuFinderGlobals:52 - Set McuFinderConnectedMode to true
2024-11-27 20:29:43,959 [INFO] ApiDb:276 - Save user favorites file C:\Users\Administrator/.stm32cubeide/favorites.mcus.txt: 0 item(s)
2024-11-27 20:29:43,959 [INFO] ApiDb:280 - User favorites MCUs=[]
